<?xml version="1.0" encoding="UTF-8"?>
<testng-results skipped="0" failed="0" total="1" passed="1">
  <reporter-output>
  </reporter-output>
  <suite name="Default suite" duration-ms="18" started-at="2014-03-05T22:12:59Z" finished-at="2014-03-05T22:12:59Z">
    <groups>
    </groups>
    <test name="Default test" duration-ms="18" started-at="2014-03-05T22:12:59Z" finished-at="2014-03-05T22:12:59Z">
      <class name="pl.agol.dozer.test.AdvancedMappingTest">
        <test-method status="PASS" signature="setup()[pri:0, instance:pl.agol.dozer.test.AdvancedMappingTest@4eabedf1]" name="setup" is-config="true" duration-ms="5" started-at="2014-03-05T23:12:59Z" finished-at="2014-03-05T23:12:59Z">
          <reporter-output>
          </reporter-output>
        </test-method> <!-- setup -->
        <test-method status="PASS" signature="should_create_OtherPerson_from_given_Person()[pri:0, instance:pl.agol.dozer.test.AdvancedMappingTest@4eabedf1]" name="should_create_OtherPerson_from_given_Person" duration-ms="5" started-at="2014-03-05T23:12:59Z" finished-at="2014-03-05T23:12:59Z">
          <reporter-output>
          </reporter-output>
        </test-method> <!-- should_create_OtherPerson_from_given_Person -->
      </class> <!-- pl.agol.dozer.test.AdvancedMappingTest -->
    </test> <!-- Default test -->
  </suite> <!-- Default suite -->
</testng-results>
